[debug] [2024-11-21T08:00:58.409Z] ----------------------------------------------------------------------
[debug] [2024-11-21T08:00:58.411Z] Command:       C:\Program Files\nodejs\node.exe C:\Users\pjerdson\AppData\Roaming\npm\node_modules\firebase-tools\lib\bin\firebase.js init
[debug] [2024-11-21T08:00:58.412Z] CLI Version:   13.25.0
[debug] [2024-11-21T08:00:58.412Z] Platform:      win32
[debug] [2024-11-21T08:00:58.412Z] Node Version:  v20.11.1
[debug] [2024-11-21T08:00:58.412Z] Time:          Thu Nov 21 2024 09:00:58 GMT+0100 (czas środkowoeuropejski standardowy)
[debug] [2024-11-21T08:00:58.412Z] ----------------------------------------------------------------------
[debug] 
[debug] [2024-11-21T08:00:58.476Z] > command requires scopes: ["email","openid","https://www.googleapis.com/auth/cloudplatformprojects.readonly","https://www.googleapis.com/auth/firebase","https://www.googleapis.com/auth/cloud-platform"]
[debug] [2024-11-21T08:00:58.476Z] > authorizing via signed-in user (komputer290123@gmail.com)
[info] 
     ######## #### ########  ######## ########     ###     ######  ########
     ##        ##  ##     ## ##       ##     ##  ##   ##  ##       ##
     ######    ##  ########  ######   ########  #########  ######  ######
     ##        ##  ##    ##  ##       ##     ## ##     ##       ## ##
     ##       #### ##     ## ######## ########  ##     ##  ######  ########

You're about to initialize a Firebase project in this directory:

  C:\python\web-firma\firma-sklep-portal

Before we get started, keep in mind:

  * You are currently outside your home directory
  * You are initializing within an existing Firebase project directory

